<?xml version="1.0" encoding="UTF-8"?>
<!-- Generated by org.testng.reporters.JUnitXMLReporter -->
<testsuite ignored="0" hostname="LAPTOP-4F11CKJ5" failures="0" tests="4" name="Default test" time="5.07" errors="0" timestamp="2020-07-21T16:32:38 EDT">
  <testcase classname="swapi.test.StarWarsTest" name="getAllCharactersTest" time="2.947"/>
  <testcase classname="swapi.test.StarWarsTest" name="getAllPlanetsTest" time="0.707"/>
  <testcase classname="swapi.test.StarWarsTest" name="getSpecificCharacterTest" time="0.686"/>
  <testcase classname="swapi.test.StarWarsTest" name="getSpecificPlanetTest" time="0.682"/>
</testsuite> <!-- Default test -->
