<?xml version="1.0" encoding="UTF-8"?>
<testng-results ignored="0" total="4" passed="4" failed="0" skipped="0">
  <reporter-output>
  </reporter-output>
  <suite started-at="2020-07-21T16:32:33 EDT" name="Default suite" finished-at="2020-07-21T16:32:38 EDT" duration-ms="5070">
    <groups>
    </groups>
    <test started-at="2020-07-21T16:32:33 EDT" name="Default test" finished-at="2020-07-21T16:32:38 EDT" duration-ms="5070">
      <class name="swapi.test.StarWarsTest">
        <test-method signature="getAllCharactersTest()[pri:0, instance:swapi.test.StarWarsTest@6193932a]" started-at="2020-07-21T16:32:33 EDT" name="getAllCharactersTest" finished-at="2020-07-21T16:32:36 EDT" duration-ms="2947" status="PASS">
          <reporter-output>
          </reporter-output>
        </test-method> <!-- getAllCharactersTest -->
        <test-method signature="getAllPlanetsTest()[pri:0, instance:swapi.test.StarWarsTest@6193932a]" started-at="2020-07-21T16:32:36 EDT" name="getAllPlanetsTest" finished-at="2020-07-21T16:32:37 EDT" duration-ms="707" status="PASS">
          <reporter-output>
          </reporter-output>
        </test-method> <!-- getAllPlanetsTest -->
        <test-method signature="getSpecificCharacterTest()[pri:0, instance:swapi.test.StarWarsTest@6193932a]" started-at="2020-07-21T16:32:37 EDT" name="getSpecificCharacterTest" finished-at="2020-07-21T16:32:38 EDT" duration-ms="686" status="PASS">
          <reporter-output>
          </reporter-output>
        </test-method> <!-- getSpecificCharacterTest -->
        <test-method signature="getSpecificPlanetTest()[pri:0, instance:swapi.test.StarWarsTest@6193932a]" started-at="2020-07-21T16:32:38 EDT" name="getSpecificPlanetTest" finished-at="2020-07-21T16:32:38 EDT" duration-ms="682" status="PASS">
          <reporter-output>
          </reporter-output>
        </test-method> <!-- getSpecificPlanetTest -->
      </class> <!-- swapi.test.StarWarsTest -->
    </test> <!-- Default test -->
  </suite> <!-- Default suite -->
</testng-results>
